{"/Users/kaitlynparsons/projects/getting-started-with-jest/src/filterByTerm.js": {"path":"/Users/kaitlynparsons/projects/getting-started-with-jest/src/filterByTerm.js","statementMap":{"0":{"start":{"line":4,"column":4},"end":{"line":4,"column":63}},"1":{"start":{"line":4,"column":21},"end":{"line":4,"column":63}},"2":{"start":{"line":6,"column":18},"end":{"line":6,"column":45}},"3":{"start":{"line":7,"column":4},"end":{"line":9,"column":7}},"4":{"start":{"line":8,"column":6},"end":{"line":8,"column":43}},"5":{"start":{"line":12,"column":2},"end":{"line":12,"column":32}}},"fnMap":{"0":{"name":"filterByTerm","decl":{"start":{"line":3,"column":9},"end":{"line":3,"column":21}},"loc":{"start":{"line":3,"column":44},"end":{"line":10,"column":3}},"line":3},"1":{"name":"(anonymous_1)","decl":{"start":{"line":7,"column":27},"end":{"line":7,"column":28}},"loc":{"start":{"line":7,"column":50},"end":{"line":9,"column":5}},"line":7}},"branchMap":{"0":{"loc":{"start":{"line":4,"column":4},"end":{"line":4,"column":63}},"type":"if","locations":[{"start":{"line":4,"column":4},"end":{"line":4,"column":63}},{"start":{},"end":{}}],"line":4}},"s":{"0":3,"1":1,"2":2,"3":2,"4":6,"5":1},"f":{"0":3,"1":6},"b":{"0":[1,2]},"_coverageSchema":"1a1c01bbd47fc00a2c39e90264f33305004495a9","hash":"5c3cfc90170cff6b8f333f00ad4601e81d7de3c4"}
}
