{"/Users/kaitlynparsons/projects/getting-started-with-jest-2/src/filterByTerm.js": {"path":"/Users/kaitlynparsons/projects/getting-started-with-jest-2/src/filterByTerm.js","statementMap":{"0":{"start":{"line":1,"column":21},"end":{"line":6,"column":1}},"1":{"start":{"line":2,"column":4},"end":{"line":2,"column":64}},"2":{"start":{"line":2,"column":21},"end":{"line":2,"column":64}},"3":{"start":{"line":3,"column":4},"end":{"line":3,"column":67}},"4":{"start":{"line":3,"column":26},"end":{"line":3,"column":67}},"5":{"start":{"line":4,"column":18},"end":{"line":4,"column":45}},"6":{"start":{"line":5,"column":4},"end":{"line":5,"column":74}},"7":{"start":{"line":5,"column":43},"end":{"line":5,"column":72}},"8":{"start":{"line":8,"column":0},"end":{"line":8,"column":30}}},"fnMap":{"0":{"name":"(anonymous_0)","decl":{"start":{"line":1,"column":21},"end":{"line":1,"column":22}},"loc":{"start":{"line":1,"column":47},"end":{"line":6,"column":1}},"line":1},"1":{"name":"(anonymous_1)","decl":{"start":{"line":5,"column":27},"end":{"line":5,"column":28}},"loc":{"start":{"line":5,"column":43},"end":{"line":5,"column":72}},"line":5}},"branchMap":{"0":{"loc":{"start":{"line":2,"column":4},"end":{"line":2,"column":64}},"type":"if","locations":[{"start":{"line":2,"column":4},"end":{"line":2,"column":64}},{"start":{},"end":{}}],"line":2},"1":{"loc":{"start":{"line":3,"column":4},"end":{"line":3,"column":67}},"type":"if","locations":[{"start":{"line":3,"column":4},"end":{"line":3,"column":67}},{"start":{},"end":{}}],"line":3}},"s":{"0":1,"1":4,"2":1,"3":3,"4":0,"5":3,"6":3,"7":9,"8":1},"f":{"0":4,"1":9},"b":{"0":[1,3],"1":[0,3]},"_coverageSchema":"1a1c01bbd47fc00a2c39e90264f33305004495a9","hash":"5cd10c9b45550930b948c51f1341f0bacf9d9878"}
}
